********************************************************************************
PACKAGE-LOG: 2016-06-18 14:50:52
NOTICE: Do NOT post to public sites or forums 
********************************************************************************
VERSION:	1.1.10
WORDPRESS:	4.5.2
PHP INFO:	7.0.0 | SAPI: apache2handler
SERVER:		Apache/2.2.29 (Unix) mod_wsgi/3.5 Python/2.7.10 PHP/7.0.0 mod_ssl/2.2.29 OpenSSL/0.9.8zg DAV/2 mod_fastcgi/2.4.6 mod_perl/2.0.9 Perl/v5.22.0 
PHP TIME LIMIT: (0) no time limit imposed 
PHP MAX MEMORY: 2048M (128M default) 
MEMORY STACK: 4MB 

********************************************************************************
DATABASE:
********************************************************************************
BUILD MODE:   PHP(query limit - 100)
MYSQLTIMEOUT: 5000
MYSQLDUMP:    Not Supported 
TABLES: total:13 | filtered:0 | create:13 
FILTERED: [] 
SQL CREATED: 20160618_uptownvine_57655fc849fad1429160618145048_database.sql 
SQL FILE SIZE: 634.92KB (650163) 
SQL FILE TIME: 2016-06-18 14:50:52 
SQL RUNTIME: 0.10 sec. 

******************************************************************************** 
ARCHIVE (ZIP): 
******************************************************************************** 
ARCHIVE DIR:  /Applications/MAMP/htdocs/uptownvine 
ARCHIVE FILE: 20160618_uptownvine_57655fc849fad1429160618145048_archive.zip 
FILTERS: *OFF* 
DIRS:  not set 
EXTS:  not set 
---------------------------------------- 
COMPRESSING 
SIZE:	37.81MB 
STATS:	Dirs 195 | Files 1,723 
SQL ADDED: 20160618_uptownvine_57655fc849fad1429160618145048_database.sql 
ZipArchive Object
(
    [status] => 0
    [statusSys] => 0
    [numFiles] => 1918
    [filename] => /Applications/MAMP/htdocs/uptownvine/wp-snapshots/tmp/20160618_uptownvine_57655fc849fad1429160618145048_archive.zip
    [comment] => 
)
 
COMPRESSION RESULT: '1' 
COMPRESSED SIZE: 22.99MB 
ARCHIVE RUNTIME: 5.38 sec. 
MEMORY STACK: 6MB 

******************************************************************************** 
MAKE INSTALLER: 
******************************************************************************** 
Build Start 
Build Finished 
Preping for use 
Template parsed with new data 
Complete [/Applications/MAMP/htdocs/uptownvine/wp-snapshots/tmp/20160618_uptownvine_57655fc849fad1429160618145048_installer.php] 
Added to archive 

******************************************************************************** 
INTEGRITY CHECKS: 
******************************************************************************** 
SQL File: 634.92KB 
Installer File: 341.4KB 
Archive File: 22.99MB  

********************************************************************************
RECORD ID:[1]
TOTAL PROCESS RUNTIME: 5.88 sec.
PEAK PHP MEMORY USED: 6MB
DONE PROCESSING => 20160618_uptownvine 2016-06-18 14:50:58
 
